<?xml version="1.0" encoding="UTF-8"?>
<testsuite xmlns:xsi="http://www.w3.org/2001/XMLSchema-instance" xsi:schemaLocation="https://maven.apache.org/surefire/maven-surefire-plugin/xsd/surefire-test-report.xsd" name="CucumberRunner" time="38.515" tests="25" errors="0" skipped="0" failures="0">
  <properties>
    <property name="idea.version" value="2017.2.5"/>
    <property name="java.runtime.name" value="Java(TM) SE Runtime Environment"/>
    <property name="sun.boot.library.path" value="C:\Program Files\Java\jdk1.8.0_162\jre\bin"/>
    <property name="java.vm.version" value="25.162-b12"/>
    <property name="java.vm.vendor" value="Oracle Corporation"/>
    <property name="maven.multiModuleProjectDirectory" value="C:\aplana\renessans"/>
    <property name="java.vendor.url" value="http://java.oracle.com/"/>
    <property name="path.separator" value=";"/>
    <property name="guice.disable.misplaced.annotation.check" value="true"/>
    <property name="java.vm.name" value="Java HotSpot(TM) 64-Bit Server VM"/>
    <property name="file.encoding.pkg" value="sun.io"/>
    <property name="user.script" value=""/>
    <property name="user.country" value="RU"/>
    <property name="sun.java.launcher" value="SUN_STANDARD"/>
    <property name="sun.os.patch.level" value="Service Pack 1"/>
    <property name="java.vm.specification.name" value="Java Virtual Machine Specification"/>
    <property name="user.dir" value="C:\aplana\renessans"/>
    <property name="java.runtime.version" value="1.8.0_162-b12"/>
    <property name="java.awt.graphicsenv" value="sun.awt.Win32GraphicsEnvironment"/>
    <property name="java.endorsed.dirs" value="C:\Program Files\Java\jdk1.8.0_162\jre\lib\endorsed"/>
    <property name="os.arch" value="amd64"/>
    <property name="java.io.tmpdir" value="C:\Users\JIGSAW~1\AppData\Local\Temp\"/>
    <property name="line.separator" value="&#10;"/>
    <property name="java.vm.specification.vendor" value="Oracle Corporation"/>
    <property name="user.variant" value=""/>
    <property name="os.name" value="Windows 7"/>
    <property name="classworlds.conf" value="C:\Program Files\JetBrains\IntelliJ IDEA Community Edition 2017.2.5\plugins\maven\lib\maven3\bin\m2.conf"/>
    <property name="sun.jnu.encoding" value="Cp1251"/>
    <property name="java.library.path" value="C:\Program Files\Java\jdk1.8.0_162\bin;C:\Windows\Sun\Java\bin;C:\Windows\system32;C:\Windows;C:\ProgramData\Oracle\Java\javapath;C:\Windows\system32;C:\Windows;C:\Windows\System32\Wbem;C:\Windows\System32\WindowsPowerShell\v1.0\;C:\Program Files (x86)\NVIDIA Corporation\PhysX\Common;C:\Program Files\Java\jdk1.8.0_162\bin;C:\java_projects\tools\bin;C:\Program Files\MySQL\MySQL Utilities 1.6\;C:\Program Files\TortoiseSVN\bin;C:\Program Files\Git\cmd;C:\Program Files\Intel\WiFi\bin\;C:\Program Files\Common Files\Intel\WirelessCommon\;;C:\Program Files\Java\jdk1.8.0_162\binC:\java_projects\tools;C:\maven\bin;C:\Users\JIGSAWZTW\AppData\Local\GitHubDesktop\bin;C:\Program Files\Intel\WiFi\bin\;C:\Program Files\Common Files\Intel\WirelessCommon\;."/>
    <property name="java.specification.name" value="Java Platform API Specification"/>
    <property name="java.class.version" value="52.0"/>
    <property name="sun.management.compiler" value="HotSpot 64-Bit Tiered Compilers"/>
    <property name="os.version" value="6.1"/>
    <property name="user.home" value="C:\Users\JIGSAWZTW"/>
    <property name="user.timezone" value="Europe/Moscow"/>
    <property name="java.awt.printerjob" value="sun.awt.windows.WPrinterJob"/>
    <property name="java.specification.version" value="1.8"/>
    <property name="file.encoding" value="UTF-8"/>
    <property name="user.name" value="JIGSAWZTW"/>
    <property name="java.class.path" value="C:\Program Files\JetBrains\IntelliJ IDEA Community Edition 2017.2.5\plugins\maven\lib\maven3\boot\plexus-classworlds-2.5.2.jar;C:\Program Files\JetBrains\IntelliJ IDEA Community Edition 2017.2.5\lib\idea_rt.jar"/>
    <property name="java.vm.specification.version" value="1.8"/>
    <property name="sun.arch.data.model" value="64"/>
    <property name="java.home" value="C:\Program Files\Java\jdk1.8.0_162\jre"/>
    <property name="sun.java.command" value="org.codehaus.classworlds.Launcher -Didea.version=2017.2.5 clean install"/>
    <property name="java.specification.vendor" value="Oracle Corporation"/>
    <property name="user.language" value="ru"/>
    <property name="awt.toolkit" value="sun.awt.windows.WToolkit"/>
    <property name="java.vm.info" value="mixed mode"/>
    <property name="java.version" value="1.8.0_162"/>
    <property name="java.ext.dirs" value="C:\Program Files\Java\jdk1.8.0_162\jre\lib\ext;C:\Windows\Sun\Java\lib\ext"/>
    <property name="sun.boot.class.path" value="C:\Program Files\Java\jdk1.8.0_162\jre\lib\resources.jar;C:\Program Files\Java\jdk1.8.0_162\jre\lib\rt.jar;C:\Program Files\Java\jdk1.8.0_162\jre\lib\sunrsasign.jar;C:\Program Files\Java\jdk1.8.0_162\jre\lib\jsse.jar;C:\Program Files\Java\jdk1.8.0_162\jre\lib\jce.jar;C:\Program Files\Java\jdk1.8.0_162\jre\lib\charsets.jar;C:\Program Files\Java\jdk1.8.0_162\jre\lib\jfr.jar;C:\Program Files\Java\jdk1.8.0_162\jre\classes"/>
    <property name="java.vendor" value="Oracle Corporation"/>
    <property name="maven.home" value="C:\Program Files\JetBrains\IntelliJ IDEA Community Edition 2017.2.5\plugins\maven\lib\maven3"/>
    <property name="file.separator" value="\"/>
    <property name="java.vendor.url.bug" value="http://bugreport.sun.com/bugreport/"/>
    <property name="sun.cpu.endian" value="little"/>
    <property name="sun.io.unicode.encoding" value="UnicodeLittle"/>
    <property name="sun.desktop" value="windows"/>
    <property name="sun.cpu.isalist" value="amd64"/>
  </properties>
  <testcase name="Когда Выбрали калькулятор для сервиса -  &quot;Вклады&quot;" classname="Сценарий: вклады в рублях" time="0.001"/>
  <testcase name="Тогда Заголовок страницы равен - &quot;Рассчитайте доходность по вкладу&quot;" classname="Сценарий: вклады в рублях" time="0"/>
  <testcase name="Когда выбрали валюту -  &quot;Рубли&quot;" classname="Сценарий: вклады в рублях" time="0"/>
  <testcase name="Когда выбрали опцию -  &quot;Сумма&quot; и значение - &quot;2000000&quot;" classname="Сценарий: вклады в рублях" time="0"/>
  <testcase name="Когда установили срок на - &quot;6&quot; месяцев" classname="Сценарий: вклады в рублях" time="0"/>
  <testcase name="Когда выбрали опцию -  &quot;Ежемесячное пополнение&quot; и значение - &quot;30000&quot;" classname="Сценарий: вклады в рублях" time="0"/>
  <testcase name="Когда установили чекбокс -  &quot;Ежемесячная капитализация&quot;" classname="Сценарий: вклады в рублях" time="0"/>
  <testcase name="Когда установили чекбокс -  &quot;Частичное снятие&quot;" classname="Сценарий: вклады в рублях" time="0"/>
  <testcase name="Тогда проверили ставку - &quot;6.25%&quot;" classname="Сценарий: вклады в рублях" time="0"/>
  <testcase name="Тогда проверили начисление -  &quot;65 132,87&quot;" classname="Сценарий: вклады в рублях" time="0"/>
  <testcase name="Тогда проверили пополнение -  &quot;150 000&quot;" classname="Сценарий: вклады в рублях" time="0"/>
  <testcase name="Тогда проверили результат к снятию - &quot;2 215 132,87&quot;" classname="Сценарий: вклады в рублях" time="0"/>
  <testcase name="Сценарий: вклады в рублях" classname="Сценарий: вклады в рублях" time="1.059"/>
  <testcase name="Когда Выбрали калькулятор для сервиса -  &quot;Вклады&quot;" classname="Сценарий: вклады в долларах" time="0"/>
  <testcase name="Тогда Заголовок страницы равен - &quot;Рассчитайте доходность по вкладу&quot;" classname="Сценарий: вклады в долларах" time="0"/>
  <testcase name="Когда выбрали валюту -  &quot;Доллары США&quot;" classname="Сценарий: вклады в долларах" time="0"/>
  <testcase name="Когда выбрали опцию -  &quot;Сумма&quot; и значение - &quot;50000&quot;" classname="Сценарий: вклады в долларах" time="0"/>
  <testcase name="Когда установили срок на - &quot;9&quot; месяцев" classname="Сценарий: вклады в долларах" time="0"/>
  <testcase name="Когда выбрали опцию -  &quot;Ежемесячное пополнение&quot; и значение - &quot;1000&quot;" classname="Сценарий: вклады в долларах" time="0"/>
  <testcase name="Когда установили чекбокс -  &quot;Ежемесячная капитализация&quot;" classname="Сценарий: вклады в долларах" time="0"/>
  <testcase name="Тогда проверили ставку - &quot;0.75%&quot;" classname="Сценарий: вклады в долларах" time="0"/>
  <testcase name="Тогда проверили начисление -  &quot;301,42&quot;" classname="Сценарий: вклады в долларах" time="0"/>
  <testcase name="Тогда проверили пополнение -  &quot;8 000&quot;" classname="Сценарий: вклады в долларах" time="0"/>
  <testcase name="Тогда проверили результат к снятию - &quot;58 301,42&quot;" classname="Сценарий: вклады в долларах" time="0"/>
  <testcase name="Сценарий: вклады в долларах" classname="Сценарий: вклады в долларах" time="0.661"/>
</testsuite>